[35m[1mConsolidate compiler generated dependencies of target obstacle_detection_node[0m
[ 33%] [32mBuilding CXX object CMakeFiles/obstacle_detection_node.dir/src/obstacle_detection.cpp.o[0m
[01m[K/home/nuc-bt/ros2_ws/src/drive/obstacle_detection/obstacle_detection/src/obstacle_detection.cpp:[m[K In member function â€˜[01m[Kvoid ObsDetection::scan_callback(std::shared_ptr<sensor_msgs::msg::LaserScan_<std::allocator<void> > >)[m[Kâ€™:
[01m[K/home/nuc-bt/ros2_ws/src/drive/obstacle_detection/obstacle_detection/src/obstacle_detection.cpp:79:13:[m[K [01;35m[Kwarning: [m[KISO C++ forbids variable length array â€˜[01m[Kdetect_area[m[Kâ€™ [[01;35m[K-Wvla[m[K]
   79 |         int [01;35m[Kdetect_area[m[K[detect_arealen][detect_arealen]={0,};
      |             [01;35m[K^~~~~~~~~~~[m[K
[01m[K/home/nuc-bt/ros2_ws/src/drive/obstacle_detection/obstacle_detection/src/obstacle_detection.cpp:79:13:[m[K [01;35m[Kwarning: [m[KISO C++ forbids variable length array â€˜[01m[Kdetect_area[m[Kâ€™ [[01;35m[K-Wvla[m[K]
[01m[K/home/nuc-bt/ros2_ws/src/drive/obstacle_detection/obstacle_detection/src/obstacle_detection.cpp:82:20:[m[K [01;35m[Kwarning: [m[Kcomparison of integer expressions of different signedness: â€˜[01m[Kint[m[Kâ€™ and â€˜[01m[Kstd::vector<float>::size_type[m[Kâ€™ {aka â€˜[01m[Klong unsigned int[m[Kâ€™} [[01;35m[K-Wsign-compare[m[K]
   82 |         for(lp=1;[01;35m[Klp<scan->ranges.size()[m[K;lp++)
      |                  [01;35m[K~~^~~~~~~~~~~~~~~~~~~~[m[K
[01m[K/home/nuc-bt/ros2_ws/src/drive/obstacle_detection/obstacle_detection/src/obstacle_detection.cpp:111:16:[m[K [01;31m[Kerror: [m[Kâ€˜[01m[Kusing StatusMSG = using Status = struct obstacle_msgs::msg::Status_<std::allocator<void> >[m[Kâ€™ {aka â€˜[01m[Kstruct obstacle_msgs::msg::Status_<std::allocator<void> >[m[Kâ€™} has no member named â€˜[01m[Kobstacle_staus[m[Kâ€™; did you mean â€˜[01m[Kobstacle_status[m[Kâ€™?
  111 |         status.[01;31m[Kobstacle_staus[m[K = detect_val;
      |                [01;31m[K^~~~~~~~~~~~~~[m[K
      |                [32m[Kobstacle_status[m[K
[01m[K/home/nuc-bt/ros2_ws/src/drive/obstacle_detection/obstacle_detection/src/obstacle_detection.cpp:114:16:[m[K [01;35m[Kwarning: [m[Knon-ISO-standard escape sequence, '\e'
  114 |         printf([01;35m[K"\e[1;1H\e[2J"[m[K);
      |                [01;35m[K^~~~~~~~~~~~~~[m[K
[01m[K/home/nuc-bt/ros2_ws/src/drive/obstacle_detection/obstacle_detection/src/obstacle_detection.cpp:114:16:[m[K [01;35m[Kwarning: [m[Knon-ISO-standard escape sequence, '\e'
[01m[K/home/nuc-bt/ros2_ws/src/drive/obstacle_detection/obstacle_detection/src/obstacle_detection.cpp:115:25:[m[K [01;35m[Kwarning: [m[Kcomparison of integer expressions of different signedness: â€˜[01m[Kint[m[Kâ€™ and â€˜[01m[Kunsigned int[m[Kâ€™ [[01;35m[K-Wsign-compare[m[K]
  115 |         for(lp_y=0;[01;35m[Klp_y < detect_arealen[m[K;lp_y++)
      |                    [01;35m[K~~~~~^~~~~~~~~~~~~~~~[m[K
[01m[K/home/nuc-bt/ros2_ws/src/drive/obstacle_detection/obstacle_detection/src/obstacle_detection.cpp:117:33:[m[K [01;35m[Kwarning: [m[Kcomparison of integer expressions of different signedness: â€˜[01m[Kint[m[Kâ€™ and â€˜[01m[Kunsigned int[m[Kâ€™ [[01;35m[K-Wsign-compare[m[K]
  117 |                 for(lp_x=0;[01;35m[Klp_x < detect_arealen[m[K;lp_x++)
      |                            [01;35m[K~~~~~^~~~~~~~~~~~~~~~[m[K
[01m[K/home/nuc-bt/ros2_ws/src/drive/obstacle_detection/obstacle_detection/src/obstacle_detection.cpp:76:13:[m[K [01;35m[Kwarning: [m[Kunused variable â€˜[01m[Knum_ranges[m[Kâ€™ [[01;35m[K-Wunused-variable[m[K]
   76 |         int [01;35m[Knum_ranges[m[K = scan->ranges.size();
      |             [01;35m[K^~~~~~~~~~[m[K
gmake[2]: *** [CMakeFiles/obstacle_detection_node.dir/build.make:90: CMakeFiles/obstacle_detection_node.dir/src/obstacle_detection.cpp.o] Error 1
gmake[1]: *** [CMakeFiles/Makefile2:137: CMakeFiles/obstacle_detection_node.dir/all] Error 2
gmake: *** [Makefile:146: all] Error 2
